[08:51:21.346] [INFO] [36mInitializing Storybook[39m
[08:51:21.635] [DEBUG] Getting package.json info for C:/Users/José Luiz Jr/Documents/julia/4DT/rn-storybook-component/storybook-component/package.json...
[08:51:21.636] [DEBUG] Getting CLI versions from NPM for storybook...
[08:51:21.636] [DEBUG] Executing command: npm info storybook version
[08:51:22.484] [INFO] Adding Storybook version 10.2.14 to your project
[08:51:25.810] [PROMPT] We've detected a React Native project. Install: {"choice":"react_native"}
[08:51:25.810] [DEBUG] Project type detected: react_native
[08:51:25.811] [DEBUG] Using cached package.json for C:\Users\José Luiz Jr\Documents\julia\4DT\rn-storybook-component\storybook-component\package.json...
[08:51:25.812] [DEBUG] Getting installed version for vitest...
[08:51:25.812] [DEBUG] Executing command: npm ls --json --depth=99 2>NUL
[08:51:26.707] [DEBUG] Executing command: npm ls --json --depth=0 2>NUL
[08:51:27.607] [DEBUG] Error finding installations for vitest: ExecaError: Command failed with exit code 1: npm.cmd ls --json "--depth=0" "2>NUL"

npm error code EINVALIDTAGNAME
npm error Invalid tag name "2>NUL" of package "2>NUL": Tags may not have any characters that encodeURIComponent encodes.
npm error A complete log of this run can be found in: C:\Users\José Luiz Jr\AppData\Local\npm-cache\_logs\2026-03-02T11_51_26_903Z-debug-0.log

{
  "error": {
    "code": "EINVALIDTAGNAME",
    "summary": "Invalid tag name \"2>NUL\" of package \"2>NUL\": Tags may not have any characters that encodeURIComponent encodes.",
    "detail": ""
  }
}
[08:51:27.607] [DEBUG] No installations found for vitest
[08:51:27.607] [DEBUG] Getting installed version for msw...
[08:51:27.607] [DEBUG] Executing command: npm ls --json --depth=99 2>NUL
[08:51:28.493] [DEBUG] Executing command: npm ls --json --depth=0 2>NUL
[08:51:29.375] [DEBUG] Error finding installations for msw: ExecaError: Command failed with exit code 1: npm.cmd ls --json "--depth=0" "2>NUL"

npm error code EINVALIDTAGNAME
npm error Invalid tag name "2>NUL" of package "2>NUL": Tags may not have any characters that encodeURIComponent encodes.
npm error A complete log of this run can be found in: C:\Users\José Luiz Jr\AppData\Local\npm-cache\_logs\2026-03-02T11_51_28_676Z-debug-0.log

{
  "error": {
    "code": "EINVALIDTAGNAME",
    "summary": "Invalid tag name \"2>NUL\" of package \"2>NUL\": Tags may not have any characters that encodeURIComponent encodes.",
    "detail": ""
  }
}
[08:51:29.375] [DEBUG] No installations found for msw
[08:51:30.809] [PROMPT] What configuration should we install? {"choice":"recommended"}
[08:51:30.809] [INFO] Storybook collects completely anonymous usage telemetry. We use it to shape Storybook's roadmap and prioritize features. You can learn more, including how to opt out, at https://storybook.js.org/telemetry
[08:51:31.812] [DEBUG] Getting dependency version for react-dom...
[08:51:31.812] [DEBUG] Using cached package.json for C:\Users\José Luiz Jr\Documents\julia\4DT\rn-storybook-component\storybook-component\package.json...
[08:51:31.812] [DEBUG] Getting dependency version for react...
[08:51:31.812] [DEBUG] Using cached package.json for C:\Users\José Luiz Jr\Documents\julia\4DT\rn-storybook-component\storybook-component\package.json...
[08:51:31.812] [DEBUG] Getting dependency version for react-native-safe-area-context...
[08:51:31.812] [DEBUG] Using cached package.json for C:\Users\José Luiz Jr\Documents\julia\4DT\rn-storybook-component\storybook-component\package.json...
[08:51:31.812] [DEBUG] Getting dependency version for @react-native-async-storage/async-storage...
[08:51:31.812] [DEBUG] Using cached package.json for C:\Users\José Luiz Jr\Documents\julia\4DT\rn-storybook-component\storybook-component\package.json...
[08:51:31.812] [DEBUG] Getting dependency version for @react-native-community/datetimepicker...
[08:51:31.812] [DEBUG] Using cached package.json for C:\Users\José Luiz Jr\Documents\julia\4DT\rn-storybook-component\storybook-component\package.json...
[08:51:31.812] [DEBUG] Getting dependency version for @react-native-community/slider...
[08:51:31.812] [DEBUG] Using cached package.json for C:\Users\José Luiz Jr\Documents\julia\4DT\rn-storybook-component\storybook-component\package.json...
[08:51:31.812] [DEBUG] Getting dependency version for react-native-reanimated...
[08:51:31.812] [DEBUG] Using cached package.json for C:\Users\José Luiz Jr\Documents\julia\4DT\rn-storybook-component\storybook-component\package.json...
[08:51:31.812] [DEBUG] Getting dependency version for react-native-gesture-handler...
[08:51:31.812] [DEBUG] Using cached package.json for C:\Users\José Luiz Jr\Documents\julia\4DT\rn-storybook-component\storybook-component\package.json...
[08:51:31.812] [DEBUG] Getting dependency version for @gorhom/bottom-sheet...
[08:51:31.812] [DEBUG] Using cached package.json for C:\Users\José Luiz Jr\Documents\julia\4DT\rn-storybook-component\storybook-component\package.json...
[08:51:31.812] [DEBUG] Getting dependency version for react-native-svg...
[08:51:31.812] [DEBUG] Using cached package.json for C:\Users\José Luiz Jr\Documents\julia\4DT\rn-storybook-component\storybook-component\package.json...
[08:51:31.813] [DEBUG] Getting CLI versions from NPM for react-native-safe-area-context...
[08:51:31.813] [DEBUG] Executing command: npm info react-native-safe-area-context version
[08:51:31.829] [DEBUG] Getting CLI versions from NPM for @react-native-async-storage/async-storage...
[08:51:31.829] [DEBUG] Executing command: npm info @react-native-async-storage/async-storage version
[08:51:31.845] [DEBUG] Getting CLI versions from NPM for @react-native-community/datetimepicker...
[08:51:31.845] [DEBUG] Executing command: npm info @react-native-community/datetimepicker version
[08:51:31.861] [DEBUG] Getting CLI versions from NPM for @react-native-community/slider...
[08:51:31.861] [DEBUG] Executing command: npm info @react-native-community/slider version
[08:51:31.877] [DEBUG] Getting CLI versions from NPM for react-native-reanimated...
[08:51:31.877] [DEBUG] Executing command: npm info react-native-reanimated version
[08:51:31.894] [DEBUG] Getting CLI versions from NPM for react-native-gesture-handler...
[08:51:31.894] [DEBUG] Executing command: npm info react-native-gesture-handler version
[08:51:31.914] [DEBUG] Getting CLI versions from NPM for @gorhom/bottom-sheet...
[08:51:31.914] [DEBUG] Executing command: npm info @gorhom/bottom-sheet version
[08:51:31.940] [DEBUG] Getting CLI versions from NPM for react-native-svg...
[08:51:31.940] [DEBUG] Executing command: npm info react-native-svg version
[08:51:31.964] [DEBUG] Getting CLI versions from NPM for @storybook/addon-ondevice-controls...
[08:51:31.964] [DEBUG] Executing command: npm info @storybook/addon-ondevice-controls version
[08:51:31.990] [DEBUG] Getting CLI versions from NPM for @storybook/addon-ondevice-actions...
[08:51:31.990] [DEBUG] Executing command: npm info @storybook/addon-ondevice-actions version
[08:51:32.020] [DEBUG] Getting CLI versions from NPM for @storybook/react-native...
[08:51:32.020] [DEBUG] Executing command: npm info @storybook/react-native version
[08:51:32.050] [DEBUG] Using cached version for storybook...
[08:51:36.094] [DEBUG] Getting dependency version for babel-core...
[08:51:36.094] [DEBUG] Using cached package.json for C:\Users\José Luiz Jr\Documents\julia\4DT\rn-storybook-component\storybook-component\package.json...
[08:51:36.094] [DEBUG] Getting dependency version for @babel/core...
[08:51:36.094] [DEBUG] Using cached package.json for C:\Users\José Luiz Jr\Documents\julia\4DT\rn-storybook-component\storybook-component\package.json...
[08:51:36.094] [DEBUG] Getting CLI versions from NPM for @babel/core...
[08:51:36.094] [DEBUG] Executing command: npm info @babel/core version
[08:51:37.472] [DEBUG] Getting dependency version for babel-loader...
[08:51:37.472] [DEBUG] Using cached package.json for C:\Users\José Luiz Jr\Documents\julia\4DT\rn-storybook-component\storybook-component\package.json...
[08:51:37.472] [DEBUG] Getting CLI versions from NPM for babel-loader...
[08:51:37.472] [DEBUG] Executing command: npm info babel-loader versions --json
[08:51:38.422] [DEBUG] Getting package.json info for C:/Users/José Luiz Jr/Documents/julia/4DT/rn-storybook-component/storybook-component/package.json...
[08:51:38.422] [DEBUG] Using cached package.json for C:\Users\José Luiz Jr\Documents\julia\4DT\rn-storybook-component\storybook-component\package.json...
[08:51:38.422] [DEBUG] Using cached package.json for C:\Users\José Luiz Jr\Documents\julia\4DT\rn-storybook-component\storybook-component\package.json...
[08:51:38.426] [DEBUG] Using cached version for @storybook/react-native...
[08:51:38.426] [DEBUG] Executing command: npm config get registry -ws=false -iwr
[08:51:39.076] [ERROR] [38;2;241;97;97mError: Cannot find @storybook\react-native\package.json, Error [ERR_MODULE_NOT_FOUND]: Cannot find package '@storybook/react-native' imported from C:\Users\José Luiz Jr\AppData\Local\npm-cache\_npx\b46a5dcc6b18e8a0\node_modules\storybook\dist\_node-chunks\chunk-GA46TSLF.js
    at Object.getPackageJSONURL (node:internal/modules/package_json_reader:268:9)
    at packageResolve (node:internal/modules/esm/resolve:768:81)
    at moduleResolve (node:internal/modules/esm/resolve:854:18)
    at defaultResolve (node:internal/modules/esm/resolve:984:11)
    at ModuleLoader.defaultResolve (node:internal/modules/esm/loader:685:12)
    at #cachedDefaultResolve (node:internal/modules/esm/loader:634:25)
    at #resolveAndMaybeBlockOnLoaderThread (node:internal/modules/esm/loader:650:38)
    at ModuleLoader.resolveSync (node:internal/modules/esm/loader:667:52)
    at Object.resolve (node:internal/modules/esm/initialize_import_meta:33:25)
    at importMetaResolve (file:///C:/Users/Jos%C3%A9%20Luiz%20Jr/AppData/Local/npm-cache/_npx/b46a5dcc6b18e8a0/node_modules/storybook/dist/_node-chunks/chunk-GA46TSLF.js:717:48)

Error: EPERM: operation not permitted, mkdir 'C:\Users\José Luiz Jr'
    at async Module.mkdir (node:internal/fs/promises:857:10)
    at async file:///C:/Users/Jos%C3%A9%20Luiz%20Jr/AppData/Local/npm-cache/_npx/b46a5dcc6b18e8a0/node_modules/storybook/dist/_node-chunks/chunk-WGCW3AOW.js:5250:5[39m
    at getRendererDir (file:///C:/Users/Jos%C3%A9%20Luiz%20Jr/AppData/Local/npm-cache/_npx/b46a5dcc6b18e8a0/node_modules/storybook/dist/_node-chunks/chunk-WGCW3AOW.js:5410:9)
    at process.processTicksAndRejections (node:internal/process/task_queues:105:5)
    at async templatePath (file:///C:/Users/Jos%C3%A9%20Luiz%20Jr/AppData/Local/npm-cache/_npx/b46a5dcc6b18e8a0/node_modules/storybook/dist/_node-chunks/chunk-WGCW3AOW.js:5484:19)
    at async copyTemplateFiles (file:///C:/Users/Jos%C3%A9%20Luiz%20Jr/AppData/Local/npm-cache/_npx/b46a5dcc6b18e8a0/node_modules/storybook/dist/_node-chunks/chunk-WGCW3AOW.js:5499:17)
    at async Object.configure (file:///C:/Users/Jos%C3%A9%20Luiz%20Jr/AppData/Local/npm-cache/_npx/b46a5dcc6b18e8a0/node_modules/create-storybook/dist/_node-chunks/chunk-BCHNC6ST.js:2565:12)
    at async GeneratorExecutionCommand.executeProjectGenerator (file:///C:/Users/Jos%C3%A9%20Luiz%20Jr/AppData/Local/npm-cache/_npx/b46a5dcc6b18e8a0/node_modules/create-storybook/dist/_node-chunks/chunk-BCHNC6ST.js:1337:58)
    at async GeneratorExecutionCommand.execute (file:///C:/Users/Jos%C3%A9%20Luiz%20Jr/AppData/Local/npm-cache/_npx/b46a5dcc6b18e8a0/node_modules/create-storybook/dist/_node-chunks/chunk-BCHNC6ST.js:1386:27)
    at async doInitiate (file:///C:/Users/Jos%C3%A9%20Luiz%20Jr/AppData/Local/npm-cache/_npx/b46a5dcc6b18e8a0/node_modules/create-storybook/dist/_node-chunks/chunk-BCHNC6ST.js:2840:68)
    at async file:///C:/Users/Jos%C3%A9%20Luiz%20Jr/AppData/Local/npm-cache/_npx/b46a5dcc6b18e8a0/node_modules/create-storybook/dist/_node-chunks/chunk-BCHNC6ST.js:2882:20
    at async withTelemetry (file:///C:/Users/Jos%C3%A9%20Luiz%20Jr/AppData/Local/npm-cache/_npx/b46a5dcc6b18e8a0/node_modules/storybook/dist/_node-chunks/chunk-DTZLXIO2.js:218:12)